<?xml version="1.0" encoding="UTF-8"?>
<!-- Generated by org.testng.reporters.JUnitReportReporter -->
<testsuite hostname="DESKTOP-312CU67" failures="0" tests="1" name="testCases.TC001_AccountRegistrationTest" time="1.690" errors="0" timestamp="2025-03-05T19:11:21 NZDT" skipped="0">
  <testcase classname="testCases.TC001_AccountRegistrationTest" name="verify_account_registeration" time="1.690"/>
</testsuite> <!-- testCases.TC001_AccountRegistrationTest -->
