<?xml version="1.0" encoding="UTF-8"?>
<!-- Generated by org.testng.reporters.JUnitReportReporter -->
<testsuite hostname="DESKTOP-312CU67" failures="0" tests="2" name="testCases.TC002_LoginTest" time="4.763" errors="0" timestamp="2025-04-04T19:31:55 NZDT" skipped="0">
  <testcase classname="testCases.TC002_LoginTest" name="verify_login" time="2.803"/>
  <testcase classname="testCases.TC002_LoginTest" name="verify_login" time="1.960"/>
</testsuite> <!-- testCases.TC002_LoginTest -->
