<?xml version="1.0" encoding="UTF-8"?>
<!-- Generated by org.testng.reporters.JUnitReportReporter -->
<testsuite hostname="DESKTOP-312CU67" failures="0" tests="1" name="testCases.TC002_LoginTest" time="1.965" errors="0" timestamp="2025-04-04T20:26:54 NZDT" skipped="0">
  <testcase classname="testCases.TC002_LoginTest" name="verify_login" time="1.965"/>
</testsuite> <!-- testCases.TC002_LoginTest -->
